[debug] [2022-03-25T04:45:23.190Z] ----------------------------------------------------------------------
[debug] [2022-03-25T04:45:23.192Z] Command:       C:\Program Files\nodejs\node.exe C:\Users\marce\AppData\Roaming\npm\node_modules\firebase-tools\lib\bin\firebase.js init
[debug] [2022-03-25T04:45:23.192Z] CLI Version:   10.5.0
[debug] [2022-03-25T04:45:23.192Z] Platform:      win32
[debug] [2022-03-25T04:45:23.192Z] Node Version:  v16.14.0
[debug] [2022-03-25T04:45:23.195Z] Time:          Thu Mar 24 2022 23:45:23 GMT-0500 (Central Daylight Time)
[debug] [2022-03-25T04:45:23.195Z] ----------------------------------------------------------------------
[debug] 
[debug] [2022-03-25T04:45:23.197Z] >>> [apiv2][query] GET https://firebase-public.firebaseio.com/cli.json [none]
[debug] [2022-03-25T04:45:23.216Z] > command requires scopes: ["email","openid","https://www.googleapis.com/auth/cloudplatformprojects.readonly","https://www.googleapis.com/auth/firebase","https://www.googleapis.com/auth/cloud-platform"]
[debug] [2022-03-25T04:45:23.216Z] > authorizing via signed-in user (marcelomata91@gmail.com)
[info] 
     ######## #### ########  ######## ########     ###     ######  ########
     ##        ##  ##     ## ##       ##     ##  ##   ##  ##       ##
     ######    ##  ########  ######   ########  #########  ######  ######
     ##        ##  ##    ##  ##       ##     ## ##     ##       ## ##
     ##       #### ##     ## ######## ########  ##     ##  ######  ########

You're about to initialize a Firebase project in this directory:

  C:\Users\marce\firebase\fireship-nextjs-devto\nextfire-app

[debug] [2022-03-25T04:45:23.370Z] <<< [apiv2][status] GET https://firebase-public.firebaseio.com/cli.json 200
[debug] [2022-03-25T04:45:23.370Z] <<< [apiv2][body] GET https://firebase-public.firebaseio.com/cli.json {"cloudBuildErrorAfter":1594252800000,"cloudBuildWarnAfter":1590019200000,"defaultNode10After":1594252800000,"minVersion":"3.0.5","node8DeploysDisabledAfter":1613390400000,"node8RuntimeDisabledAfter":1615809600000,"node8WarnAfter":1600128000000}
